<?xml version="1.0" encoding="UTF-8"?>
<!-- Generated by org.testng.reporters.JUnitReportReporter -->
<testsuite name="Myhcllistener.Itime" tests="1" time="79.105" ignored="0" failures="0" timestamp="25 Aug 2021 04:38:43 GMT" skipped="0" hostname="LP-PF2YWNSQ" errors="0">
  <testcase name="itime" time="79.105" classname="Myhcllistener.Itime"/>
</testsuite> <!-- Myhcllistener.Itime -->
