<?xml version="1.0" encoding="UTF-8"?>
<!-- Generated by org.testng.reporters.JUnitReportReporter -->
<testsuite name="Myhcllistener.Listener" tests="8" time="97.251" ignored="0" failures="0" timestamp="24 Aug 2021 12:50:29 GMT" skipped="0" hostname="LP-PF2YWNSQ" errors="0">
  <testcase name="onTestStart" time="0.000" classname="Myhcllistener.Listener"/>
  <testcase name="onFinish" time="0.010" classname="Myhcllistener.Listener"/>
  <testcase name="onTestFailedButWithinSuccessPercentage" time="0.008" classname="Myhcllistener.Listener"/>
  <testcase name="onStart" time="0.000" classname="Myhcllistener.Listener"/>
  <testcase name="onTestSuccess" time="0.000" classname="Myhcllistener.Listener"/>
  <testcase name="itime" time="97.225" classname="Myhcllistener.Listener"/>
  <testcase name="onTestFailure" time="0.008" classname="Myhcllistener.Listener"/>
  <testcase name="onTestSkipped" time="0.000" classname="Myhcllistener.Listener"/>
</testsuite> <!-- Myhcllistener.Listener -->
